bouquets.radio
bouquets.tv
lamedb
userbouquet.dbe10.tv
userbouquet.dbe11.tv
userbouquet.dbe12.tv
userbouquet.dbe13.tv
userbouquet.dbe14.tv
userbouquet.dbe15.tv
userbouquet.dbe16.tv
userbouquet.dbe17.tv
userbouquet.dbe18.tv
userbouquet.dbe19.tv
userbouquet.dbe2.tv
userbouquet.dbe20.tv
userbouquet.dbe21.tv
userbouquet.dbe22.tv
userbouquet.dbe23.tv
userbouquet.dbe24.tv
userbouquet.dbe25.tv
userbouquet.dbe26.tv
userbouquet.dbe27.tv
userbouquet.dbe28.tv
userbouquet.dbe29.tv
userbouquet.dbe3.tv
userbouquet.dbe31.radio
userbouquet.dbe32.radio
userbouquet.dbe33.radio
userbouquet.dbe34.radio
userbouquet.dbe35.radio
userbouquet.dbe36.radio
userbouquet.dbe37.radio
userbouquet.dbe38.radio
userbouquet.dbe39.radio
userbouquet.dbe4.tv
userbouquet.dbe40.radio
userbouquet.dbe5.tv
userbouquet.dbe6.tv
userbouquet.dbe7.tv
userbouquet.dbe8.tv
userbouquet.dbe9.tv
userbouquet.favourites.radio
userbouquet.favourites.tv



